# JRE version: OpenJDK Runtime Environment GraalVM CE 22.3.0 (17.0.5+8) (build 17.0.5+8-jvmci-22.3-b08)
# Java VM: OpenJDK 64-Bit Server VM GraalVM CE 22.3.0 (17.0.5+8-jvmci-22.3-b08, mixed mode, sharing, tiered, jvmci, jvmci compiler, compressed oops, compressed class ptrs, parallel gc, linux-amd64)
GC Precious Log:
 CPUs: 8 total, 1 available
 Memory: 1024M
 Large Page Support: Disabled
 NUMA Support: Disabled
 Compressed Oops: Enabled (32-bit)
 Alignments: Space 512K, Generation 512K, Heap 2M
 Heap Min Capacity: 100M
 Heap Initial Capacity: 100M
 Heap Max Capacity: 512M
 Pre-touch: Disabled
 Parallel Workers: 1
Heap:
 PSYoungGen      total 41984K, used 28159K [0x00000000f5580000, 0x00000000f8d80000, 0x0000000100000000)
  eden space 28160K, 99% used [0x00000000f5580000,0x00000000f70fffe8,0x00000000f7100000)
  from space 13824K, 0% used [0x00000000f7100000,0x00000000f7100000,0x00000000f7e80000)
  to   space 13312K, 0% used [0x00000000f7f00000,0x00000000f7f00000,0x00000000f8c00000)
 ParOldGen       total 349696K, used 349693K [0x00000000e0000000, 0x00000000f5580000, 0x00000000f5580000)
  object space 349696K, 99% used [0x00000000e0000000,0x00000000f557f7c8,0x00000000f5580000)
 Metaspace       used 58809K, committed 59968K, reserved 1105920K
  class space    used 5842K, committed 6336K, reserved 1048576K
GC Heap History (20 events):
Event: 356.687 GC heap before
{Heap before GC invocations=305 (full 204):
 PSYoungGen      total 41984K, used 28160K [0x00000000f5580000, 0x00000000f8d80000, 0x0000000100000000)
  eden space 28160K, 100% used [0x00000000f5580000,0x00000000f7100000,0x00000000f7100000)
  from space 13824K, 0% used [0x00000000f7100000,0x00000000f7100000,0x00000000f7e80000)
  to   space 13312K, 0% used [0x00000000f7f00000,0x00000000f7f00000,0x00000000f8c00000)
 ParOldGen       total 349696K, used 349689K [0x00000000e0000000, 0x00000000f5580000, 0x00000000f5580000)
  object space 349696K, 99% used [0x00000000e0000000,0x00000000f557e4e8,0x00000000f5580000)
 Metaspace       used 58809K, committed 59968K, reserved 1105920K
  class space    used 5842K, committed 6336K, reserved 1048576K
}
Event: 358.494 GC heap after
{Heap after GC invocations=305 (full 204):
 PSYoungGen      total 41472K, used 28159K [0x00000000f5580000, 0x00000000f8d80000, 0x0000000100000000)
  eden space 28160K, 99% used [0x00000000f5580000,0x00000000f70fff50,0x00000000f7100000)
  from space 13312K, 0% used [0x00000000f7f00000,0x00000000f7f00000,0x00000000f8c00000)
  to   space 13824K, 0% used [0x00000000f7100000,0x00000000f7100000,0x00000000f7e80000)
 ParOldGen       total 349696K, used 349689K [0x00000000e0000000, 0x00000000f5580000, 0x00000000f5580000)
  object space 349696K, 99% used [0x00000000e0000000,0x00000000f557e4c8,0x00000000f5580000)
 Metaspace       used 58809K, committed 59968K, reserved 1105920K
  class space    used 5842K, committed 6336K, reserved 1048576K
}
Event: 358.494 GC heap before
{Heap before GC invocations=306 (full 205):
 PSYoungGen      total 41472K, used 28159K [0x00000000f5580000, 0x00000000f8d80000, 0x0000000100000000)
  eden space 28160K, 99% used [0x00000000f5580000,0x00000000f70fffc0,0x00000000f7100000)
  from space 13312K, 0% used [0x00000000f7f00000,0x00000000f7f00000,0x00000000f8c00000)
  to   space 13824K, 0% used [0x00000000f7100000,0x00000000f7100000,0x00000000f7e80000)
 ParOldGen       total 349696K, used 349689K [0x00000000e0000000, 0x00000000f5580000, 0x00000000f5580000)
  object space 349696K, 99% used [0x00000000e0000000,0x00000000f557e4c8,0x00000000f5580000)
 Metaspace       used 58809K, committed 59968K, reserved 1105920K
  class space    used 5842K, committed 6336K, reserved 1048576K
}
Event: 360.003 GC heap after
{Heap after GC invocations=306 (full 205):
 PSYoungGen      total 41984K, used 28159K [0x00000000f5580000, 0x00000000f8d80000, 0x0000000100000000)
  eden space 28160K, 99% used [0x00000000f5580000,0x00000000f70fffc0,0x00000000f7100000)
  from space 13824K, 0% used [0x00000000f7100000,0x00000000f7100000,0x00000000f7e80000)
  to   space 13312K, 0% used [0x00000000f7f00000,0x00000000f7f00000,0x00000000f8c00000)
 ParOldGen       total 349696K, used 349689K [0x00000000e0000000, 0x00000000f5580000, 0x00000000f5580000)
  object space 349696K, 99% used [0x00000000e0000000,0x00000000f557e4c8,0x00000000f5580000)
 Metaspace       used 58809K, committed 59968K, reserved 1105920K
  class space    used 5842K, committed 6336K, reserved 1048576K
}
Event: 360.008 GC heap before
{Heap before GC invocations=307 (full 206):
 PSYoungGen      total 41984K, used 28160K [0x00000000f5580000, 0x00000000f8d80000, 0x0000000100000000)
  eden space 28160K, 100% used [0x00000000f5580000,0x00000000f7100000,0x00000000f7100000)
  from space 13824K, 0% used [0x00000000f7100000,0x00000000f7100000,0x00000000f7e80000)
  to   space 13312K, 0% used [0x00000000f7f00000,0x00000000f7f00000,0x00000000f8c00000)
 ParOldGen       total 349696K, used 349692K [0x00000000e0000000, 0x00000000f5580000, 0x00000000f5580000)
  object space 349696K, 99% used [0x00000000e0000000,0x00000000f557f040,0x00000000f5580000)
 Metaspace       used 58809K, committed 59968K, reserved 1105920K
  class space    used 5842K, committed 6336K, reserved 1048576K
}
Event: 361.523 GC heap after
{Heap after GC invocations=307 (full 206):
 PSYoungGen      total 41472K, used 28159K [0x00000000f5580000, 0x00000000f8d80000, 0x0000000100000000)
  eden space 28160K, 99% used [0x00000000f5580000,0x00000000f70fffc0,0x00000000f7100000)
  from space 13312K, 0% used [0x00000000f7f00000,0x00000000f7f00000,0x00000000f8c00000)
  to   space 13824K, 0% used [0x00000000f7100000,0x00000000f7100000,0x00000000f7e80000)
 ParOldGen       total 349696K, used 349689K [0x00000000e0000000, 0x00000000f5580000, 0x00000000f5580000)
  object space 349696K, 99% used [0x00000000e0000000,0x00000000f557e470,0x00000000f5580000)
 Metaspace       used 58809K, committed 59968K, reserved 1105920K
  class space    used 5842K, committed 6336K, reserved 1048576K
}
Event: 361.523 GC heap before
{Heap before GC invocations=308 (full 207):
 PSYoungGen      total 41472K, used 28159K [0x00000000f5580000, 0x00000000f8d80000, 0x0000000100000000)
  eden space 28160K, 99% used [0x00000000f5580000,0x00000000f70ffff8,0x00000000f7100000)
  from space 13312K, 0% used [0x00000000f7f00000,0x00000000f7f00000,0x00000000f8c00000)
  to   space 13824K, 0% used [0x00000000f7100000,0x00000000f7100000,0x00000000f7e80000)
 ParOldGen       total 349696K, used 349689K [0x00000000e0000000, 0x00000000f5580000, 0x00000000f5580000)
  object space 349696K, 99% used [0x00000000e0000000,0x00000000f557e470,0x00000000f5580000)
 Metaspace       used 58809K, committed 59968K, reserved 1105920K
  class space    used 5842K, committed 6336K, reserved 1048576K
}
Event: 363.215 GC heap after
{Heap after GC invocations=308 (full 207):
 PSYoungGen      total 41984K, used 28159K [0x00000000f5580000, 0x00000000f8d80000, 0x0000000100000000)
  eden space 28160K, 99% used [0x00000000f5580000,0x00000000f70fffd8,0x00000000f7100000)
  from space 13824K, 0% used [0x00000000f7100000,0x00000000f7100000,0x00000000f7e80000)
  to   space 13312K, 0% used [0x00000000f7f00000,0x00000000f7f00000,0x00000000f8c00000)
 ParOldGen       total 349696K, used 349689K [0x00000000e0000000, 0x00000000f5580000, 0x00000000f5580000)
  object space 349696K, 99% used [0x00000000e0000000,0x00000000f557e470,0x00000000f5580000)
 Metaspace       used 58809K, committed 59968K, reserved 1105920K
  class space    used 5842K, committed 6336K, reserved 1048576K
}
Event: 363.216 GC heap before
{Heap before GC invocations=309 (full 208):
 PSYoungGen      total 41984K, used 28159K [0x00000000f5580000, 0x00000000f8d80000, 0x0000000100000000)
  eden space 28160K, 99% used [0x00000000f5580000,0x00000000f70ffff0,0x00000000f7100000)
  from space 13824K, 0% used [0x00000000f7100000,0x00000000f7100000,0x00000000f7e80000)
  to   space 13312K, 0% used [0x00000000f7f00000,0x00000000f7f00000,0x00000000f8c00000)
 ParOldGen       total 349696K, used 349689K [0x00000000e0000000, 0x00000000f5580000, 0x00000000f5580000)
  object space 349696K, 99% used [0x00000000e0000000,0x00000000f557e470,0x00000000f5580000)
 Metaspace       used 58809K, committed 59968K, reserved 1105920K
  class space    used 5842K, committed 6336K, reserved 1048576K
}
Event: 364.791 GC heap after
{Heap after GC invocations=309 (full 208):
 PSYoungGen      total 41472K, used 28159K [0x00000000f5580000, 0x00000000f8d80000, 0x0000000100000000)
  eden space 28160K, 99% used [0x00000000f5580000,0x00000000f70fffd0,0x00000000f7100000)
  from space 13312K, 0% used [0x00000000f7f00000,0x00000000f7f00000,0x00000000f8c00000)
  to   space 13824K, 0% used [0x00000000f7100000,0x00000000f7100000,0x00000000f7e80000)
 ParOldGen       total 349696K, used 349689K [0x00000000e0000000, 0x00000000f5580000, 0x00000000f5580000)
  object space 349696K, 99% used [0x00000000e0000000,0x00000000f557e470,0x00000000f5580000)
 Metaspace       used 58809K, committed 59968K, reserved 1105920K
  class space    used 5842K, committed 6336K, reserved 1048576K
}
Event: 364.791 GC heap before
{Heap before GC invocations=310 (full 209):
 PSYoungGen      total 41472K, used 28160K [0x00000000f5580000, 0x00000000f8d80000, 0x0000000100000000)
  eden space 28160K, 100% used [0x00000000f5580000,0x00000000f7100000,0x00000000f7100000)
  from space 13312K, 0% used [0x00000000f7f00000,0x00000000f7f00000,0x00000000f8c00000)
  to   space 13824K, 0% used [0x00000000f7100000,0x00000000f7100000,0x00000000f7e80000)
 ParOldGen       total 349696K, used 349689K [0x00000000e0000000, 0x00000000f5580000, 0x00000000f5580000)
  object space 349696K, 99% used [0x00000000e0000000,0x00000000f557e470,0x00000000f5580000)
 Metaspace       used 58809K, committed 59968K, reserved 1105920K
  class space    used 5842K, committed 6336K, reserved 1048576K
}
Event: 366.117 GC heap after
{Heap after GC invocations=310 (full 209):
 PSYoungGen      total 41984K, used 28160K [0x00000000f5580000, 0x00000000f8d80000, 0x0000000100000000)
  eden space 28160K, 100% used [0x00000000f5580000,0x00000000f7100000,0x00000000f7100000)
  from space 13824K, 0% used [0x00000000f7100000,0x00000000f7100000,0x00000000f7e80000)
  to   space 13312K, 0% used [0x00000000f7f00000,0x00000000f7f00000,0x00000000f8c00000)
 ParOldGen       total 349696K, used 349689K [0x00000000e0000000, 0x00000000f5580000, 0x00000000f5580000)
  object space 349696K, 99% used [0x00000000e0000000,0x00000000f557e470,0x00000000f5580000)
 Metaspace       used 58809K, committed 59968K, reserved 1105920K
  class space    used 5842K, committed 6336K, reserved 1048576K
}
Event: 366.127 GC heap before
{Heap before GC invocations=311 (full 210):
 PSYoungGen      total 41984K, used 28160K [0x00000000f5580000, 0x00000000f8d80000, 0x0000000100000000)
  eden space 28160K, 100% used [0x00000000f5580000,0x00000000f7100000,0x00000000f7100000)
  from space 13824K, 0% used [0x00000000f7100000,0x00000000f7100000,0x00000000f7e80000)
  to   space 13312K, 0% used [0x00000000f7f00000,0x00000000f7f00000,0x00000000f8c00000)
 ParOldGen       total 349696K, used 349692K [0x00000000e0000000, 0x00000000f5580000, 0x00000000f5580000)
  object space 349696K, 99% used [0x00000000e0000000,0x00000000f557f080,0x00000000f5580000)
 Metaspace       used 58809K, committed 59968K, reserved 1105920K
  class space    used 5842K, committed 6336K, reserved 1048576K
}
Event: 367.501 GC heap after
{Heap after GC invocations=311 (full 210):
 PSYoungGen      total 41472K, used 28159K [0x00000000f5580000, 0x00000000f8d80000, 0x0000000100000000)
  eden space 28160K, 99% used [0x00000000f5580000,0x00000000f70ffe90,0x00000000f7100000)
  from space 13312K, 0% used [0x00000000f7f00000,0x00000000f7f00000,0x00000000f8c00000)
  to   space 13824K, 0% used [0x00000000f7100000,0x00000000f7100000,0x00000000f7e80000)
 ParOldGen       total 349696K, used 349691K [0x00000000e0000000, 0x00000000f5580000, 0x00000000f5580000)
  object space 349696K, 99% used [0x00000000e0000000,0x00000000f557eeb0,0x00000000f5580000)
 Metaspace       used 58809K, committed 59968K, reserved 1105920K
  class space    used 5842K, committed 6336K, reserved 1048576K
}
Event: 367.501 GC heap before
{Heap before GC invocations=312 (full 211):
 PSYoungGen      total 41472K, used 28159K [0x00000000f5580000, 0x00000000f8d80000, 0x0000000100000000)
  eden space 28160K, 99% used [0x00000000f5580000,0x00000000f70fffd0,0x00000000f7100000)
  from space 13312K, 0% used [0x00000000f7f00000,0x00000000f7f00000,0x00000000f8c00000)
  to   space 13824K, 0% used [0x00000000f7100000,0x00000000f7100000,0x00000000f7e80000)
 ParOldGen       total 349696K, used 349691K [0x00000000e0000000, 0x00000000f5580000, 0x00000000f5580000)
  object space 349696K, 99% used [0x00000000e0000000,0x00000000f557eeb0,0x00000000f5580000)
 Metaspace       used 58809K, committed 59968K, reserved 1105920K
  class space    used 5842K, committed 6336K, reserved 1048576K
}
Event: 368.730 GC heap after
{Heap after GC invocations=312 (full 211):
 PSYoungGen      total 41984K, used 28159K [0x00000000f5580000, 0x00000000f8d80000, 0x0000000100000000)
  eden space 28160K, 99% used [0x00000000f5580000,0x00000000f70fff98,0x00000000f7100000)
  from space 13824K, 0% used [0x00000000f7100000,0x00000000f7100000,0x00000000f7e80000)
  to   space 13312K, 0% used [0x00000000f7f00000,0x00000000f7f00000,0x00000000f8c00000)
 ParOldGen       total 349696K, used 349691K [0x00000000e0000000, 0x00000000f5580000, 0x00000000f5580000)
  object space 349696K, 99% used [0x00000000e0000000,0x00000000f557ee80,0x00000000f5580000)
 Metaspace       used 58809K, committed 59968K, reserved 1105920K
  class space    used 5842K, committed 6336K, reserved 1048576K
}
Event: 368.730 GC heap before
{Heap before GC invocations=313 (full 212):
 PSYoungGen      total 41984K, used 28160K [0x00000000f5580000, 0x00000000f8d80000, 0x0000000100000000)
  eden space 28160K, 100% used [0x00000000f5580000,0x00000000f7100000,0x00000000f7100000)
  from space 13824K, 0% used [0x00000000f7100000,0x00000000f7100000,0x00000000f7e80000)
  to   space 13312K, 0% used [0x00000000f7f00000,0x00000000f7f00000,0x00000000f8c00000)
 ParOldGen       total 349696K, used 349693K [0x00000000e0000000, 0x00000000f5580000, 0x00000000f5580000)
  object space 349696K, 99% used [0x00000000e0000000,0x00000000f557f788,0x00000000f5580000)
 Metaspace       used 58809K, committed 59968K, reserved 1105920K
  class space    used 5842K, committed 6336K, reserved 1048576K
}
Event: 369.934 GC heap after
{Heap after GC invocations=313 (full 212):
 PSYoungGen      total 41472K, used 28159K [0x00000000f5580000, 0x00000000f8d80000, 0x0000000100000000)
  eden space 28160K, 99% used [0x00000000f5580000,0x00000000f70fffe8,0x00000000f7100000)
  from space 13312K, 0% used [0x00000000f7f00000,0x00000000f7f00000,0x00000000f8c00000)
  to   space 13824K, 0% used [0x00000000f7100000,0x00000000f7100000,0x00000000f7e80000)
 ParOldGen       total 349696K, used 349693K [0x00000000e0000000, 0x00000000f5580000, 0x00000000f5580000)
  object space 349696K, 99% used [0x00000000e0000000,0x00000000f557f4a8,0x00000000f5580000)
 Metaspace       used 58809K, committed 59968K, reserved 1105920K
  class space    used 5842K, committed 6336K, reserved 1048576K
}
Event: 369.934 GC heap before
{Heap before GC invocations=314 (full 213):
 PSYoungGen      total 41472K, used 28159K [0x00000000f5580000, 0x00000000f8d80000, 0x0000000100000000)
  eden space 28160K, 99% used [0x00000000f5580000,0x00000000f70fffe8,0x00000000f7100000)
  from space 13312K, 0% used [0x00000000f7f00000,0x00000000f7f00000,0x00000000f8c00000)
  to   space 13824K, 0% used [0x00000000f7100000,0x00000000f7100000,0x00000000f7e80000)
 ParOldGen       total 349696K, used 349693K [0x00000000e0000000, 0x00000000f5580000, 0x00000000f5580000)
  object space 349696K, 99% used [0x00000000e0000000,0x00000000f557f4a8,0x00000000f5580000)
 Metaspace       used 58809K, committed 59968K, reserved 1105920K
  class space    used 5842K, committed 6336K, reserved 1048576K
}
Event: 371.009 GC heap after
{Heap after GC invocations=314 (full 213):
 PSYoungGen      total 41984K, used 28159K [0x00000000f5580000, 0x00000000f8d80000, 0x0000000100000000)
  eden space 28160K, 99% used [0x00000000f5580000,0x00000000f70fffe8,0x00000000f7100000)
  from space 13824K, 0% used [0x00000000f7100000,0x00000000f7100000,0x00000000f7e80000)
  to   space 13312K, 0% used [0x00000000f7f00000,0x00000000f7f00000,0x00000000f8c00000)
 ParOldGen       total 349696K, used 349693K [0x00000000e0000000, 0x00000000f5580000, 0x00000000f5580000)
  object space 349696K, 99% used [0x00000000e0000000,0x00000000f557f4a8,0x00000000f5580000)
 Metaspace       used 58809K, committed 59968K, reserved 1105920K
  class space    used 5842K, committed 6336K, reserved 1048576K
}

